Compilación iniciada a las 13/06/2013 2:20:25.
Proyecto "C:\Users\Eduardo Mina\Documents\GitHub\MaquinaTuring3Cintas\TM3Cintas\TM3Cintas\TM3Cintas.vcxproj" en el nodo 2 (build destinos).
InitializeBuildStatus:
  Se creará "Debug\TM3Cintas.unsuccessfulbuild" porque se especificó "AlwaysCreate".
GenerateTargetFrameworkMonikerAttribute:
Se omitirá el destino "GenerateTargetFrameworkMonikerAttribute" porque todos los archivos de salida están actualizados respecto a los archivos de entrada.
ClCompile:
  Todas las salidas están actualizadas.
  Todas las salidas están actualizadas.
  Todas las salidas están actualizadas.
CoreResGen:
  Todas las salidas están actualizadas.
ResourceCompile:
  Todas las salidas están actualizadas.
Link:
  Todas las salidas están actualizadas.
  TM3Cintas.vcxproj -> C:\Users\Eduardo Mina\Documents\GitHub\MaquinaTuring3Cintas\TM3Cintas\Debug\TM3Cintas.exe
FinalizeBuildStatus:
  Se eliminará el archivo "Debug\TM3Cintas.unsuccessfulbuild".
  Aplicando tarea Touch a "Debug\TM3Cintas.lastbuildstate".
Compilación del proyecto terminada "C:\Users\Eduardo Mina\Documents\GitHub\MaquinaTuring3Cintas\TM3Cintas\TM3Cintas\TM3Cintas.vcxproj" (build destinos).

Compilación correcta.

Tiempo transcurrido 00:00:01.32
